0:100  0:100  MemLog inited, TSC freq: 1800293050
0:100  0:000  CPU was calibrated with RTC
0:100  0:000  
0:100  0:000  Now is 14.04.2020,  10:56:34 (GMT)
0:100  0:000  Starting Clover revision: 5110 (master, commit a53de4094) on American Megatrends EFI
0:100  0:000  Build with: [Args: -D NO_GRUB_DRIVERS_EMBEDDED -t GCC53 | -D NO_GRUB_DRIVERS_EMBEDDED --conf=/Users/sergey/src/CloverHackyColor/Conf -D USE_LOW_EBDA -a X64 -b RELEASE -t GCC53 -n 5 | OS: 10.14.6]
0:100  0:000  SelfDevicePath=PciRoot(0x0)\Pci(0x1D,0x0)\Pci(0x0,0x0)\NVMe(0x1,00-00-00-00-00-00-00-00)\HD(1,GPT,07861DD1-E108-435C-87E6-CD75FD737F37,0x28,0x64000) @864D7F98
0:100  0:000  SelfDirPath = \EFI\BOOT
0:100  0:000  Clover : Image base = 0x82037000
0:100  0:000  SimpleTextEx Status=Success
0:100  0:000  === [ Get Smbios ] ==============================
0:134  0:034  Type 16 Index = 0
0:134  0:000  Total Memory Slots Count = 4
0:134  0:000  Type 17 Index = 0
0:134  0:000  SmbiosTable.Type17->Speed = 2133MHz
0:134  0:000  SmbiosTable.Type17->Size = 8192MB
0:134  0:000  SmbiosTable.Type17->Bank/Device = BANK 0 ChannelA-DIMM0
0:134  0:000  SmbiosTable.Type17->Vendor = 859B
0:134  0:000  SmbiosTable.Type17->SerialNumber = E024061F
0:134  0:000  SmbiosTable.Type17->PartNumber = CT8G4SFD8213.C16FBD1
0:134  0:000  Type 17 Index = 1
0:134  0:000  Ignoring insane frequency value 0MHz
0:134  0:000  SmbiosTable.Type17->Speed = 0MHz
0:134  0:000  SmbiosTable.Type17->Size = 0MB
0:134  0:000  SmbiosTable.Type17->Bank/Device = BANK 1 ChannelA-DIMM1
0:134  0:000  SmbiosTable.Type17->Vendor = 
0:134  0:000  SmbiosTable.Type17->SerialNumber = 
0:134  0:000  SmbiosTable.Type17->PartNumber = 
0:134  0:000  Type 17 Index = 2
0:134  0:000  SmbiosTable.Type17->Speed = 2133MHz
0:134  0:000  SmbiosTable.Type17->Size = 8192MB
0:134  0:000  SmbiosTable.Type17->Bank/Device = BANK 2 ChannelB-DIMM0
0:134  0:000  SmbiosTable.Type17->Vendor = Samsung
0:134  0:000  SmbiosTable.Type17->SerialNumber = 15F8AFF1
0:134  0:000  SmbiosTable.Type17->PartNumber = M471A1G43DB0-CPB    
0:134  0:000  Type 17 Index = 3
0:134  0:000  Ignoring insane frequency value 0MHz
0:134  0:000  SmbiosTable.Type17->Speed = 0MHz
0:134  0:000  SmbiosTable.Type17->Size = 0MB
0:134  0:000  SmbiosTable.Type17->Bank/Device = BANK 3 ChannelB-DIMM1
0:134  0:000  SmbiosTable.Type17->Vendor = 
0:134  0:000  SmbiosTable.Type17->SerialNumber = 
0:134  0:000  SmbiosTable.Type17->PartNumber = 
0:134  0:000  Boot status=0
0:134  0:000  Running on: 'Default string' with board 'Default string'
0:134  0:000  === [ GetCPUProperties ] ========================
0:134  0:000  CPU Vendor = 756E6547 Model=806EA
0:134  0:000   The CPU supported SSE4.1
0:134  0:000  BrandString = Intel(R) Core(TM) i5-8250U CPU @ 1.60GHz
0:134  0:000   The CPU supported turbo
0:134  0:000  MSR 0x35               40008
0:134  0:000   TSC/CCC Information Leaf:
0:134  0:000    numerator     : 150
0:134  0:000    denominator   : 2
0:134  0:000   Calibrated ARTFrequency: 24003907
0:134  0:000   Rounded ARTFrequency: 24000000
0:134  0:000  MSR 0xE2 before patch 1E008008
0:134  0:000  MSR 0xE2 is locked, PM patches will be turned on
0:134  0:000  MSR 0xCE              0004043D_F9011200
0:134  0:000  corrected FLEX_RATIO = 0
0:134  0:000  MSR 0x1B0             00000000
0:134  0:000  FSBFrequency = 95 MHz, DMI FSBFrequency = 100 MHz, Corrected FSBFrequency = 100 MHz
0:134  0:000  MaxDiv/MinDiv: 18.0/4
0:134  0:000  Turbo: 34/34/34/34
0:134  0:000  Features: 0x77FAFBBFBFEBFBFF
0:134  0:000  Threads: 8
0:134  0:000  Cores: 4
0:134  0:000  FSB: 100 MHz
0:134  0:000  CPU: 1700 MHz
0:134  0:000  TSC: 1700 MHz
0:134  0:000  PIS: 100 MHz
0:134  0:000  ExternalClock: 25 MHz
0:134  0:000  === [ GetDevices ] ==============================
0:134  0:000  GOP found at: PciRoot(0x0)/Pci(0x2,0x0)/AcpiAdr(0x80011400)
0:134  0:000  PCI (00|00:00.00) : 8086 5914 class=060000
0:134  0:000  PCI (00|00:02.00) : 8086 5917 class=030000
0:134  0:000   - GOP: Provided by device
0:134  0:000   - GFX: Model=Intel UHD Graphics 620 (Intel)
0:134  0:000  PCI (00|00:04.00) : 8086 1903 class=118000
0:134  0:000  PCI (00|00:07.00) : 8086 1907 class=110100
0:134  0:000  PCI (00|00:08.00) : 8086 1911 class=088000
0:134  0:000  PCI (00|00:14.00) : 8086 9D2F class=0C0330
0:134  0:000  PCI (00|00:14.02) : 8086 9D31 class=118000
0:134  0:000  PCI (00|00:16.00) : FFFF FFFF class=FFFFFF
0:135  0:000  PCI (00|00:17.00) : 8086 9D03 class=010601
0:135  0:000  PCI (00|00:1C.00) : 8086 9D12 class=060400
0:135  0:000  PCI (00|01:00.00) : 10EC 8168 class=020000
0:135  0:000   - LAN: 0 Vendor=Realtek
0:135  0:000  PCI (00|00:1C.03) : 8086 9D13 class=060400
0:135  0:000  PCI (00|02:00.00) : 14E4 43B1 class=028000
0:135  0:000   - WIFI: Vendor=5348 = Broadcom
0:135  0:000  PCI (00|00:1D.00) : 8086 9D18 class=060400
0:135  0:000  PCI (00|03:00.00) : 1987 5007 class=010802
0:135  0:000  PCI (00|00:1F.00) : 8086 9D4E class=060100
0:135  0:000  PCI (00|00:1F.02) : 8086 9D21 class=058000
0:135  0:000  PCI (00|00:1F.03) : 8086 9D71 class=040300
0:135  0:000  PCI (00|00:1F.04) : 8086 9D23 class=0C0500
0:135  0:000  === [ GetDefaultSettings ] ======================
0:135  0:000  Clover load options size = 0 bytes
0:136  0:001  CheckOEMPathExists tried EFI\CLOVER\OEM\Default string--00-00-00-00-00-00. Dir not exists
0:136  0:000  CheckOEMPathExists tried EFI\CLOVER\OEM\Default string\UEFI. Dir not exists
0:136  0:000  CheckOEMPathExists tried EFI\CLOVER\OEM\Default string. Dir not exists
0:136  0:000  CheckOEMPathExists tried EFI\CLOVER\OEM\Default string-1700. Dir not exists
0:136  0:000  CheckOEMPathExists tried EFI\CLOVER\OEM\Default string. Dir not exists
0:136  0:000  CheckOEMPathExists tried EFI\CLOVER\OEM\Default string-1700. Dir not exists
0:136  0:000  set OEMPath by default: EFI\CLOVER
0:141  0:005  EFI\CLOVER\config.plist loaded: Success
0:186  0:044  === [ GetListOfThemes ] =========================
0:186  0:000  - [00]: ThinkPad
0:187  0:001  === [ Found config plists ] =====================
0:187  0:000  - config.plist
0:202  0:014  === [ GetEarlyUserSettings ] ====================
0:202  0:000  timeout set to 3
0:202  0:000  Custom boot CUSTOM_BOOT_DISABLED (0x0)
0:202  0:000  ForceKextsToLoad: 1 requested
0:202  0:000   - [0]: System\Library\Extensions\IONetworkingFamily.kext
0:202  0:000  KextsToPatch: 17 requested
0:202  0:000   - [00]: AppleIntelBDWGraphicsFramebuffer (DVMT for AppleIntelBDWGraphicsFramebuffer (Credits DalianSky) for 10.14.x) :: MatchOS: 10.14.x :: BinPatch :: data len: 5
0:202  0:000   - [01]: AppleIntelSKLGraphicsFramebuffer (DVMT for AppleIntelSKLGraphicsFramebuffer﻿ (Credits DalianSky) for 10.14.x) :: MatchOS: 10.14.x :: BinPatch :: data len: 5
0:202  0:000   - [02]: AppleIntelKBLGraph﻿icsFramebuffer﻿﻿﻿ (DVMT for AppleIntelKBLGraphicsFramebuffer﻿ (Credits DalianSky) for 10.14.x) :: MatchOS: 10.14.x :: BinPatch :: data len: 5
0:202  0:000   - [03]: AppleIntelCFLGraphicsFramebuffer (DVMT for AppleIntelCFLGraphicsFramebuffer﻿ (Credits DalianSky) for 10.14.x) :: MatchOS: 10.14.x :: BinPatch :: data len: 5
0:202  0:000   - [04]: AppleIntelCFLGraphicsFramebuffer (DVMT for AppleIntelCFLGraphicsFramebuffer﻿ (Credits DalianSky) for 10.14.x) :: MatchOS: 10.14.x :: BinPatch :: data len: 5
0:202  0:000   - [05]: com.apple.iokit.IOUSBHostFamily (USB port limit patch 10.14.x modify by DalianSky(credit ydeng)) :: MatchOS: 10.14.x :: BinPatch :: data len: 4
0:202  0:000   - [06]: com.apple.iokit.IOUSBHostFamily (USB port limit patch 10.14.x modify by DalianSky(credit PMHeart)) :: MatchOS: 10.14.x :: BinPatch :: data len: 4
0:202  0:000   - [07]: com.apple.driver.usb.AppleUSBXHCI (USB Port limit patch 10.14.x modify by DalianSky(credits PMheart)) :: MatchOS: 10.14.x :: BinPatch :: data len: 4
0:202  0:000   - [08]: com.apple.driver.usb.AppleUSBXHCI (USB Port limit patch 10.14.x modify by DalianSky(credits PMheart)) :: MatchOS: 10.14.x :: BinPatch :: data len: 4
0:202  0:000   - [09]: IOBufferCopyController (disable IOBufferCopyController (Credit by DalianSky)) :: PlistPatch :: data len: 5
0:202  0:000   - [10]: AppleIntelLpssI2C (Disable AppleIntelLpssI2C (credit by Coolstar)) :: PlistPatch :: data len: 5
0:202  0:000   - [11]: AppleIntelLpssI2CController (Disable AppleIntelLpssI2CCOntroller (credit by Coolstar)) :: PlistPatch :: data len: 5
0:202  0:000   - [12]: com.apple.driver.AppleBacklight (AppleBacklightInjector.kext (credit RehabMan)) :: BinPatch :: data len: 9
0:202  0:000   - patch disabled at config
0:202  0:000   - [13]: com.apple.iokit.IOAHCIBlockStorage (Enable TRIM for SSD) :: BinPatch :: data len: 11
0:202  0:000   - [14]: com.apple.driver.usb.AppleUSBXHCI (10.13.x USB Port Limit Patch) :: MatchOS: 10.13.x :: BinPatch :: data len: 10
0:202  0:000   - [15]: com.apple.driver.usb.AppleUSBXHCI (USB Port limit patch 10.14 (credits FredWst)) :: MatchOS: 10.14 :: BinPatch :: data len: 9
0:202  0:000   - [16]: com.apple.driver.usb.AppleUSBXHCI (USB Port limit patch 10.14.1 18B50C (credits DalianSky)) :: MatchOS: 10.14.1 :: BinPatch :: data len: 9
0:202  0:000  KernelToPatch: 4 requested
0:202  0:000   - [00]: Disable panic kext logging on 10.13 Debug kernel :: MatchOS: 10.13.x :: data len: 6
0:202  0:000   - [01]: Disable panic kext logging on 10.13 Release kernel :: MatchOS: 10.13.x :: data len: 6
0:202  0:000   - [02]: Disable panic kext logging on 10.14 Release kernel (c) vit9696 :: MatchOS: 10.14.x :: data len: 6
0:202  0:000   - [03]: MSR 0xE2 _xcpm_idle instant reboot(c) Pike R. Alpha :: data len: 8
0:202  0:000  Default theme: ThinkPad
0:202  0:000  === [ LoadDrivers ] =============================
0:203  0:001  Loading HFSPlus.efi  status=Success
0:214  0:010   - driver needs connecting
0:214  0:000  Loading DataHubDxe-64.efi  status=Success
0:215  0:001  Loading apfs.efi  status=Success
0:217  0:001   - driver needs connecting
0:217  0:000  Loading VirtualSmc.efi  status=Success
0:338  0:121  Loading FSInject-64.efi  status=Success
0:339  0:000  Loading ApfsDriverLoader-64.efi  status=Success
0:339  0:000   - driver needs connecting
0:339  0:000  Loading AppleUISupport-64.efi  status=Success
0:440  0:101  Loading AppleImageLoader-64.efi  status=Success
0:441  0:000  Loading EmuVariableUefi-64.efi  status=Success
0:441  0:000  EmuVariableUefi Initialize: VariableCommonInitialize = Success, orig services stored, install gEmuVariableControlProtocolGuid = Success
0:441  0:000  Loading AptioMemoryFix-64.efi  status=Success
0:442  0:000  Loading NvmExpressDxe-64.efi  status=Success
0:453  0:010   - driver needs connecting
0:453  0:000  Loading AudioDxe-64.efi  status=Success
0:454  0:000   - driver needs connecting
0:454  0:000  5 drivers needs connecting ...
0:454  0:000  PlatformDriverOverrideProtocol not found. Installing ... Success
0:454  0:000  HFS+ driver loaded
0:454  0:000  APFS driver loaded
0:454  0:000  Searching for invalid DiskIo BY_DRIVER connects: not found, all ok
4:289  3:835  EmuVariable InstallEmulation: orig vars copied, emu.var.services installed, CreateEvent VirtualAddressChange = Success, CreateEvent ExitBootServices = Success, set Status=Success
4:309  0:019  === [ InitScreen ] ==============================
4:309  0:000  Console modes reported: 4, available modes:
4:309  0:000   - [01]: 80x25 (current mode)
4:309  0:000   - [02]: 80x50
4:309  0:000   - [03]: 100x31
4:309  0:000   - [04]: 175x55
4:309  0:000  SetScreenResolution: 1920x1080 - not found!
4:309  0:000  SetMaxResolution: found best mode 0: 1400x1050
4:309  0:000   - already set
4:309  0:000  reinit: self device path=PciRoot(0x0)\Pci(0x1D,0x0)\Pci(0x0,0x0)\NVMe(0x1,00-00-00-00-00-00-00-00)\HD(1,GPT,07861DD1-E108-435C-87E6-CD75FD737F37,0x28,0x64000)
4:309  0:000  new SelfHandle=864D7F98
4:313  0:003  Using embedded font
4:315  0:002  === [ GetMacAddress ] ===========================
4:315  0:000  === [ ScanSPD ] =================================
4:315  0:000  Scanning SMBus [8086:9D23], mmio: 0xFF02C004, ioport: 0xF040, hostc: 0x11
4:333  0:018  Slot: 0 Type 26 8192MB 2132MHz Vendor=Crucial Technology PartNo=CT8G4SFD8213.C16FBD1 SerialNo=0E0002040006010F
4:352  0:018  Slot: 2 Type 26 8192MB 2132MHz Vendor=Samsung PartNo=M471A1G43DB0-CPB SerialNo=01050F080A0F0F01
4:353  0:000  === [ GetAcpiTablesList ] =======================
4:439  0:086  Get Acpi Tables List from RSDT:
4:439  0:000   - [00]: FACP  TP-7U    len=132
4:439  0:000   - [01]: APIC  TP-7U    len=188
4:439  0:000   - [02]: FPDT  TP-7U    len=68
4:439  0:000   - [03]: FIDT  TP-7U len=156
4:439  0:000   - [04]: MCFG  TP-7U    len=60
4:439  0:000   - [05]: SSDT  SataTabl len=857
4:439  0:000   - [06]: SLIC  TP-7U    len=374
4:439  0:000   - [07]: SSDT  SaSsdt  len=12593
4:439  0:000   - [08]: HPET  KBL-ULT len=56
4:439  0:000   - [09]: SSDT  Ther_Rvp len=2798
4:439  0:000   - [10]: SSDT  xh_kbl-r len=1834
4:439  0:000   - [11]: UEFI  TP-7U    len=66
4:439  0:000   - [12]: SSDT  PerfTune len=1904
4:439  0:000   - [13]: SSDT  CpuSsdt len=6062
4:439  0:000   - [14]: LPIT  KBL-ULT len=148
4:439  0:000   - [15]: SSDT  HdaDsp len=321
4:439  0:000   - [16]: SSDT  sensrhub len=671
4:439  0:000   - [17]: SSDT  PtidDevc len=12290
4:439  0:000   - [18]: SSDT  TbtTypeC len=1303
4:439  0:000   - [19]: DBGP   len=52
4:439  0:000   - [20]: DBG2   len=84
4:439  0:000   - [21]: DMAR  EDK2     len=168
4:439  0:000   - [22]: BGRT  TP-7U    len=56
4:439  0:000   - [23]: ASF!   HCG len=160
4:439  0:000   - [24]: WSMT  TP-7U    len=40
4:439  0:000  Calibrated TSC Frequency = 1800293050 = 1800MHz
4:441  0:001  === [ GetUserSettings ] =========================
4:441  0:000  USB FixOwnership: yes
4:441  0:000  Dropping 3 tables:
4:441  0:000   - [00]: Drop table  signature="#MCF" (46434D23)
4:441  0:000           - set table: 46434D23,                0 to drop: no
4:441  0:000   - [01]: Drop table  signature="DMAR" (52414D44)
4:441  0:000           - set table: 52414D44,                0 to drop: yes
4:441  0:000   - [02]: Drop table  signature="SSDT" (54445353) table-id="xh_kbl-r" (722D6C626B5F6878)
4:441  0:000           - set table: 54445353, 722d6c626b5f6878 to drop: yes
4:441  0:000   - final DSDT Fix mask=11000000
4:441  0:000  PatchesDSDT: 16 requested
4:441  0:000   - [00]: (change _DSM to XSDM) lenToFind: 4, lenToReplace: 4, Target Bridge: 
4:441  0:000    patch disabled at config
4:441  0:000   - [01]: (change OSID to IDOS) lenToFind: 4, lenToReplace: 4, Target Bridge: 
4:441  0:000    patch disabled at config
4:441  0:000   - [02]: (change _OSI to XOSI) lenToFind: 4, lenToReplace: 4, Target Bridge: 
4:441  0:000    patch disabled at config
4:441  0:000   - [03]: (change HDAS to HDEF) lenToFind: 4, lenToReplace: 4, Target Bridge: 
4:441  0:000   - [04]: (change HECI to IMEI) lenToFind: 4, lenToReplace: 4, Target Bridge: 
4:441  0:000   - [05]: (change GFX0 to IGPU) lenToFind: 4, lenToReplace: 4, Target Bridge: 
4:441  0:000   - [06]: (change SAT0 to SATA) lenToFind: 4, lenToReplace: 4, Target Bridge: 
4:441  0:000   - [07]: (change EC0 to EC) lenToFind: 4, lenToReplace: 4, Target Bridge: 
4:441  0:000    patch disabled at config
4:441  0:000   - [08]: (Fix AsRock Z390 BIOS DSDT Device(RTC) bug) lenToFind: 8, lenToReplace: 8, Target Bridge: 
4:441  0:000   - [09]: (XHC:_PRW to XPRW) lenToFind: 4, lenToReplace: 4, Target Bridge: XHC__PRWptalXPRW0
4:441  0:000   - [10]: (I2C0:_STA to XSTA) lenToFind: 4, lenToReplace: 4, Target Bridge: I2C0
4:441  0:000   - [11]: (I2C1:_STA to XSTA) lenToFind: 4, lenToReplace: 4, Target Bridge: I2C1
4:441  0:000   - [12]: (XDCI:_PRW to XPRW) lenToFind: 4, lenToReplace: 4, Target Bridge: XDCI
4:441  0:000   - [13]: (HDAS:_PRW to XPRW) lenToFind: 4, lenToReplace: 4, Target Bridge: HDAS:_PRptal XPR0
4:441  0:000   - [14]: (GLAN:_PRW to XPRW) lenToFind: 4, lenToReplace: 4, Target Bridge: GLAN
4:441  0:000   - [15]: (change H_EC to EC) lenToFind: 4, lenToReplace: 4, Target Bridge: 
4:441  0:000  Using ProductName from config: MacBookPro15,2
4:441  0:000  Using latest BiosVersion from config
4:441  0:000  BiosVersion: MBP152.88Z.F000.B00.1909172038
4:441  0:000  BiosReleaseDate: 09/17/2019
4:441  0:000  Using latest EfiVersion from clover: 1037.100.355.0.0
4:441  0:000  Using FirmwareFeatures from config: 0xFC0FE137
4:441  0:000  Using FirmwareFeaturesMask from config: 0xFF1FFF3F
4:441  0:000  Board-ID set from config as Mac-827FB448E656EC26
4:441  0:000  BoardType: 0xA
4:441  0:000  ChassisType: 0x9
4:441  0:000  Converted CustomUUID 0BA50BC4-33DC-4C01-9557-44310B58B899
4:443  0:001  === [ Found DSDT tables ] =======================
4:443  0:000  - DSDT.aml
5:563  1:119  === [ ScanVolumes ] =============================
5:563  0:000  Found 8 volumes with blockIO
5:563  0:000  - [00]: Volume: PciRoot(0x0)\Pci(0x1D,0x0)\Pci(0x0,0x0)\NVMe(0x1,00-00-00-00-00-00-00-00)
5:563  0:000  - [01]: Volume: PciRoot(0x0)\Pci(0x1D,0x0)\Pci(0x0,0x0)\NVMe(0x1,00-00-00-00-00-00-00-00)\HD(1,GPT,07861DD1-E108-435C-87E6-CD75FD737F37,0x28,0x64000)
5:563  0:000          Result of bootcode detection: bootable unknown (legacy)
5:564  0:000          This is SelfVolume !!
5:564  0:000  - [02]: Volume: PciRoot(0x0)\Pci(0x1D,0x0)\Pci(0x0,0x0)\NVMe(0x1,00-00-00-00-00-00-00-00)\HD(2,GPT,A6464F93-36BC-40D9-8E0B-EB92A520F686,0x64028,0x1BEC0460)
5:564  0:000          Result of bootcode detection: bootable unknown (legacy)
5:564  0:000  - [03]: Volume: PciRoot(0x0)\Pci(0x1D,0x0)\Pci(0x0,0x0)\NVMe(0x1,00-00-00-00-00-00-00-00)\HD(2,GPT,A6464F93-36BC-40D9-8E0B-EB92A520F686,0x64028,0x1BEC0460)\VenMedia(BE74FCF7-0B7C-49F3-9147-01F4042E6842,108425A734DEA84790A5B45777877031)
5:564  0:000  - [04]: Volume: PciRoot(0x0)\Pci(0x1D,0x0)\Pci(0x0,0x0)\NVMe(0x1,00-00-00-00-00-00-00-00)\HD(2,GPT,A6464F93-36BC-40D9-8E0B-EB92A520F686,0x64028,0x1BEC0460)\VenMedia(BE74FCF7-0B7C-49F3-9147-01F4042E6842,D868ACC998F61E4495AF3D76FE86DC12)
5:565  0:000  - [05]: Volume: PciRoot(0x0)\Pci(0x1D,0x0)\Pci(0x0,0x0)\NVMe(0x1,00-00-00-00-00-00-00-00)\HD(2,GPT,A6464F93-36BC-40D9-8E0B-EB92A520F686,0x64028,0x1BEC0460)\VenMedia(BE74FCF7-0B7C-49F3-9147-01F4042E6842,155543161982E941BD71A0FDC2F0745E)
5:565  0:000  - [06]: Volume: PciRoot(0x0)\Pci(0x1D,0x0)\Pci(0x0,0x0)\NVMe(0x1,00-00-00-00-00-00-00-00)\HD(2,GPT,A6464F93-36BC-40D9-8E0B-EB92A520F686,0x64028,0x1BEC0460)\VenMedia(BE74FCF7-0B7C-49F3-9147-01F4042E6842,84A0D24E390AC84B8A520FBCF5C31E09)
5:566  0:000  - [07]: Volume: PciRoot(0x0)\Pci(0x1D,0x0)\Pci(0x0,0x0)\NVMe(0x1,00-00-00-00-00-00-00-00)\HD(2,GPT,A6464F93-36BC-40D9-8E0B-EB92A520F686,0x64028,0x1BEC0460)\VenMedia(BE74FCF7-0B7C-49F3-9147-01F4042E6842,E926F79E1A15AC45BE483D7FCBFC91E1)
5:566  0:000  Searching volumes for latest nvram.plist ...
5:569  0:003  Loading nvram.plist from Vol 'Macintosh HD - Data' -  begin load gNvramDict=0x0
5:571  0:001   loaded, size=1647
5:580  0:009  loaded Status=Success
5:580  0:000  === [ PutNvramPlistToRtVars ] ===================
5:580  0:000   Adding Key: security-mode: String: Size = 4, Val = 'none'
5:580  0:000   Adding Key: backlight-level: Size = 2, Data: 5A 01 
5:580  0:000   Adding Key: EFILoginHiDPI: Size = 4, Data: 00 00 00 00 
5:580  0:000   Adding Key: flagstate: Size = 32, Data: 00 00 00 00 00 00 00 00 00 00 00 00 00 00 00 00 00 00 00 00 00 00 00 00 00 00 00 00 00 00 00 00 
5:580  0:000   Adding Key: csr-active-config: Size = 4, Data: 67 00 00 00 
5:580  0:000   Adding Key: specialbootdevice: Size = 122, Data: 02 01 0C 00 FFFFFFD0 41 03 0A 00 00 00 00 01 01 06 00 00 1D 01 01 06 00 00 00 03 17 10 00 01 00 00 00 00 00 00 00 00 00 00 00 04 01 2A 00 02 00 00 00 28 40 06 00 00 00 00 00 60 04 FFFFFFEC 1B 00 00 00 00 FFFFFF93 4F 46 FFFFFFA6 FFFFFFBC 36 FFFFFFD9 40 FFFFFF8E 0B FFFFFFEB FFFFFF92 FFFFFFA5 20 FFFFFFF6 FFFFFF86 02 02 04 03 24 00 FFFFFFF7 FFFFFFFC 74 FFFFFFBE 7C 0B FFFFFFF3 49 FFFFFF91 47 01 FFFFFFF4 04 2E 68 42 15 55 43 16 19 FFFFFF82 FFFFFFE9 41 FFFFFFBD 71 FFFFFFA0 FFFFFFFD FFFFFFC2 FFFFFFF0 74 5E 7F FFFFFFFF 04 00 
5:580  0:000   Skipping EmuVariableUefiPresent
5:580  0:000   Adding Key: SystemAudioVolume: Size = 1, Data: 40 
5:580  0:000   Adding Key: SystemAudioVolumeDB: Size = 1, Data: FFFFFFF6 
5:580  0:000   Adding Key: bluetoothActiveControllerInfo: Size = 16, Data: 04 34 FFFFFFD3 13 00 00 00 00 30 14 40 FFFFFFE2 30 FFFFFF99 38 1B 
5:580  0:000   Adding Key: fmm-computer-name: Size = 22, Data: 4A 69 61 6E 67 27 73 20 54 68 69 6E 6B 50 61 64 20 58 36 31 48 4B 
5:580  0:000   Adding Key: boot-image: Size = 70, Data: 02 01 0C 00 FFFFFFD0 41 03 0A 00 00 00 00 01 01 06 00 00 1D 01 01 06 00 00 00 03 16 10 00 01 00 00 00 00 00 00 00 00 00 00 00 04 04 1A 00 32 00 30 00 31 00 34 00 38 00 30 00 35 00 30 00 30 00 30 00 00 00 7F FFFFFFFF 04 00 
5:580  0:000   Adding Key: IOHibernateRTCVariables: Size = 44, Data: 41 41 50 4C 01 00 00 00 FFFFFFDD FFFFFFB8 FFFFFFF6 FFFFFFE7 52 07 3C FFFFFFA4 34 FFFFFFBD 77 37 FFFFFFE0 FFFFFFFD FFFFFFE6 FFFFFFC5 1A FFFFFFF2 FFFFFFF9 65 FFFFFFA0 FFFFFFBB 08 2D FFFFFF86 60 FFFFFFBB 7D 57 4C FFFFFF99 7E 0D FFFFFFA3 48 FFFFFF86 
5:580  0:000   Adding Key: Boot0082: Size = 210, Data: 01 00 00 00 FFFFFFCA 00 00 00 02 01 0C 00 FFFFFFD0 41 03 0A 00 00 00 00 01 01 06 00 00 1D 01 01 06 00 00 00 03 17 10 00 01 00 00 00 00 00 00 00 00 00 00 00 04 01 2A 00 02 00 00 00 28 40 06 00 00 00 00 00 60 04 FFFFFFEC 1B 00 00 00 00 FFFFFF93 4F 46 FFFFFFA6 FFFFFFBC 36 FFFFFFD9 40 FFFFFF8E 0B FFFFFFEB FFFFFF92 FFFFFFA5 20 FFFFFFF6 FFFFFF86 02 02 04 03 24 00 FFFFFFF7 FFFFFFFC 74 FFFFFFBE 7C 0B FFFFFFF3 49 FFFFFF91 47 01 FFFFFFF4 04 2E 68 42 15 55 43 16 19 FFFFFF82 FFFFFFE9 41 FFFFFFBD 71 FFFFFFA0 FFFFFFFD FFFFFFC2 FFFFFFF0 74 5E 04 04 50 00 5C 00 53 00 79 00 73 00 74 00 65 00 6D 00 5C 00 4C 00 69 00 62 00 72 00 61 00 72 00 79 00 5C 00 43 00 6F 00 72 00 65 00 53 00 65 00 72 00 76 00 69 00 63 00 65 00 73 00 5C 00 62 00 6F 00 6F 00 74 00 2E 00 65 00 66 00 69 00 00 00 7F FFFFFFFF 04 00 
5:580  0:000   Adding Key: BootNext: Size = 2, Data: FFFFFF82 00 
5:580  0:000  found 2 handles with audio
5:580  0:000  No AudioIoDevice stored
5:580  0:000  no stored audio parameters
5:580  0:000  Found Audio Device Conexant CX20585 (Headphones) at index 0
5:580  0:000  Found Audio Device Conexant CX20585 (Speaker) at index 1
5:580  0:000  Found Audio Device Intel Kaby Lake HDMI (HDMI) at index 2
5:580  0:000  === [ InitXTheme ] ==============================
5:580  0:000  use daylight theme
5:599  0:018  Using theme 'ThinkPad' (EFI\CLOVER\themes\ThinkPad)
5:599  0:000  chosen theme ThinkPad
5:599  0:000  OS main and drive as badge
5:682  0:082    Channels: 2  Sample rate: 44100 Hz  Bits: 16
5:682  0:000  output to channel 0 with volume 0, len=421120
5:682  0:000   sound channels=2 bits=16 freq=44100
5:682  0:000  sound play end with status=Not Found
5:869  0:187  theme inited
5:869  0:000  Chosen theme ThinkPad
5:869  0:000  after NVRAM boot-args=nv_disable=1 igfxonln=1 debug=0x100 -disablegfxfirmware darkwake=no -lilubetaall
5:870  0:000  === [ Dump SMC keys from NVRAM ] ================
5:870  0:000  found AppleSMC protocol
5:870  0:000  === [ ScanLoader ] ==============================
5:870  0:000  - [01]: 'EFI'
5:873  0:003          AddLoaderEntry for Volume Name=EFI
5:873  0:000          skipped because entry is hidden
5:873  0:000  - [03]: 'Preboot'
5:880  0:006          AddLoaderEntry for Volume Name=Preboot
5:889  0:009      hibernated: set as never
5:889  0:000   Show badge as Drive.    Loader entry created for 'PciRoot(0x0)\Pci(0x1D,0x0)\Pci(0x0,0x0)\NVMe(0x1,00-00-00-00-00-00-00-00)\HD(2,GPT,A6464F93-36BC-40D9-8E0B-EB92A520F686,0x64028,0x1BEC0460)\VenMedia(BE74FCF7-0B7C-49F3-9147-01F4042E6842,108425A734DEA84790A5B45777877031)\16435515-8219-41E9-BD71-A0FDC2F0745E\System\Library\CoreServices\boot.efi'
5:902  0:013  - [04]: 'Macintosh HD - Data'
5:947  0:045  - [05]: 'Macintosh HD'
6:007  0:059          AddLoaderEntry for Volume Name=Macintosh HD
6:020  0:012      hibernated: set as never
6:020  0:000   Show badge as Drive.    Loader entry created for 'PciRoot(0x0)\Pci(0x1D,0x0)\Pci(0x0,0x0)\NVMe(0x1,00-00-00-00-00-00-00-00)\HD(2,GPT,A6464F93-36BC-40D9-8E0B-EB92A520F686,0x64028,0x1BEC0460)\VenMedia(BE74FCF7-0B7C-49F3-9147-01F4042E6842,155543161982E941BD71A0FDC2F0745E)\System\Library\CoreServices\boot.efi'
6:044  0:024  - [06]: 'Recovery'
6:049  0:004          AddLoaderEntry for Volume Name=Recovery
6:063  0:013   Show badge as Drive.    Loader entry created for 'PciRoot(0x0)\Pci(0x1D,0x0)\Pci(0x0,0x0)\NVMe(0x1,00-00-00-00-00-00-00-00)\HD(2,GPT,A6464F93-36BC-40D9-8E0B-EB92A520F686,0x64028,0x1BEC0460)\VenMedia(BE74FCF7-0B7C-49F3-9147-01F4042E6842,84A0D24E390AC84B8A520FBCF5C31E09)\16435515-8219-41E9-BD71-A0FDC2F0745E\boot.efi'
6:075  0:012  - [07]: 'VM'
6:078  0:002  === [ AddCustomTool ] ===========================
6:078  0:000  EmuVariable InstallEmulation: EFI_ALREADY_STARTED
6:078  0:000  === [ GetEfiBootDeviceFromNvram ] ===============
6:078  0:000   - found entry 1. 'Boot macOS from Macintosh HD', Volume 'Macintosh HD', DevicePath 'PciRoot(0x0)\Pci(0x1D,0x0)\Pci(0x0,0x0)\NVMe(0x1,00-00-00-00-00-00-00-00)\HD(2,GPT,A6464F93-36BC-40D9-8E0B-EB92A520F686,0x64028,0x1BEC0460)\VenMedia(BE74FCF7-0B7C-49F3-9147-01F4042E6842,155543161982E941BD71A0FDC2F0745E)\System\Library\CoreServices\boot.efi'
6:078  0:000  EmuVariable UninstallEmulation: CloseEvent = Success, original var services restored
7:164  1:085  GUI ready
